[00:52:36] [Server thread/WARN]: Can't keep up! Is the server overloaded? Running 4605733ms or 92114 ticks behind
[00:52:36] [Server thread/INFO]: shadyysssss lost connection: Timed out
[00:52:36] [Server thread/INFO]: shadyysssss left the game
[00:52:37] [Server thread/INFO]: flameforever lost connection: Timed out
[00:52:37] [Server thread/INFO]: flameforever left the game
[00:56:46] [Server thread/INFO]: Using new advancement loading for net.minecraft.server.PlayerAdvancements@296fc64b
[00:56:46] [Server thread/INFO]: EnvyMane[/93.123.145.180:50211] logged in with entity id 110872 at (-95.76967181366744, 68.0, -76.34422646847632)
[00:56:46] [Server thread/INFO]: EnvyMane joined the game
[00:56:46] [Server thread/INFO]: Syncing config to EnvyMane (6f81bf83-5adf-3dfe-b220-66727c9735bb)
[00:56:50] [Server thread/INFO]: Using new advancement loading for net.minecraft.server.PlayerAdvancements@53f31675
[00:56:50] [Server thread/INFO]: shadyysssss[/217.10.41.19:65474] logged in with entity id 111281 at (-38.694426766563765, 64.24918707874468, -46.19623933608719)
[00:56:50] [Server thread/INFO]: shadyysssss joined the game
[00:56:50] [Server thread/INFO]: Syncing config to shadyysssss (4a268843-5c89-393d-af21-8d7f07b9ceaa)
[00:56:52] [Server thread/INFO]: Using new advancement loading for net.minecraft.server.PlayerAdvancements@69c4d334
[00:56:52] [Server thread/INFO]: podpivasya [/109.252.201.129:14547] logged in with entity id 111321 at (-89.5, 66.0, -75.5)
[00:56:52] [Server thread/INFO]: podpivasya  joined the game
[00:56:52] [Server thread/INFO]: Syncing config to podpivasya  (8297e376-fc41-33a4-b425-a674719c616c)
[00:56:58] [Server thread/WARN]: shadyysssss was kicked for floating too long!
[00:56:58] [Server thread/WARN]: shadyysssss was kicked for floating too long!
[00:56:58] [Server thread/WARN]: shadyysssss was kicked for floating too long!
[00:56:58] [Server thread/WARN]: shadyysssss was kicked for floating too long!
[00:56:58] [Server thread/WARN]: shadyysssss was kicked for floating too long!
[00:56:58] [Server thread/WARN]: shadyysssss was kicked for floating too long!
[00:56:58] [Server thread/WARN]: shadyysssss was kicked for floating too long!
[00:56:58] [Server thread/WARN]: shadyysssss was kicked for floating too long!
[00:56:58] [Server thread/WARN]: shadyysssss was kicked for floating too long!
[00:56:59] [Server thread/WARN]: shadyysssss was kicked for floating too long!
[00:56:59] [Server thread/WARN]: shadyysssss was kicked for floating too long!
[00:56:59] [Server thread/WARN]: shadyysssss was kicked for floating too long!
[00:56:59] [Server thread/WARN]: shadyysssss was kicked for floating too long!
[00:56:59] [Server thread/WARN]: shadyysssss was kicked for floating too long!
[00:56:59] [Server thread/WARN]: shadyysssss was kicked for floating too long!
[00:56:59] [Server thread/WARN]: shadyysssss was kicked for floating too long!
[00:56:59] [Server thread/WARN]: shadyysssss was kicked for floating too long!
[00:56:59] [Server thread/WARN]: shadyysssss was kicked for floating too long!
[00:56:59] [Server thread/WARN]: shadyysssss was kicked for floating too long!
[00:56:59] [Server thread/WARN]: shadyysssss was kicked for floating too long!
[00:56:59] [Server thread/WARN]: shadyysssss was kicked for floating too long!
[00:56:59] [Server thread/WARN]: shadyysssss was kicked for floating too long!
[00:56:59] [Server thread/WARN]: shadyysssss was kicked for floating too long!
[00:56:59] [Server thread/WARN]: shadyysssss was kicked for floating too long!
[00:56:59] [Server thread/WARN]: shadyysssss was kicked for floating too long!
[00:56:59] [Server thread/WARN]: shadyysssss was kicked for floating too long!
[00:56:59] [Server thread/WARN]: shadyysssss was kicked for floating too long!
[00:56:59] [Server thread/WARN]: shadyysssss was kicked for floating too long!
[00:56:59] [Server thread/WARN]: shadyysssss was kicked for floating too long!
[00:56:59] [Server thread/WARN]: shadyysssss was kicked for floating too long!
[00:57:00] [Server thread/WARN]: shadyysssss was kicked for floating too long!
[00:57:00] [Server thread/WARN]: shadyysssss was kicked for floating too long!
[00:57:00] [Server thread/WARN]: shadyysssss was kicked for floating too long!
[00:57:00] [Server thread/WARN]: shadyysssss was kicked for floating too long!
[00:57:00] [Server thread/WARN]: shadyysssss was kicked for floating too long!
[00:57:00] [Server thread/WARN]: shadyysssss was kicked for floating too long!
[00:57:00] [Server thread/WARN]: shadyysssss was kicked for floating too long!
[00:57:00] [Server thread/WARN]: shadyysssss was kicked for floating too long!
[00:57:00] [Server thread/WARN]: shadyysssss was kicked for floating too long!
[00:57:00] [Server thread/WARN]: shadyysssss was kicked for floating too long!
[00:57:00] [Server thread/WARN]: shadyysssss was kicked for floating too long!
[00:57:00] [Server thread/WARN]: shadyysssss was kicked for floating too long!
[00:57:00] [Server thread/WARN]: shadyysssss was kicked for floating too long!
[00:57:00] [Server thread/WARN]: shadyysssss was kicked for floating too long!
[00:57:00] [Server thread/WARN]: shadyysssss was kicked for floating too long!
[00:57:00] [Server thread/WARN]: shadyysssss was kicked for floating too long!
[00:57:00] [Server thread/WARN]: shadyysssss was kicked for floating too long!
[00:57:00] [Server thread/WARN]: shadyysssss was kicked for floating too long!
[00:57:00] [Server thread/WARN]: shadyysssss was kicked for floating too long!
[00:57:00] [Server thread/WARN]: shadyysssss was kicked for floating too long!
[00:57:01] [Server thread/WARN]: shadyysssss was kicked for floating too long!
[00:57:01] [Server thread/WARN]: shadyysssss was kicked for floating too long!
[00:57:01] [Server thread/WARN]: shadyysssss was kicked for floating too long!
[00:57:01] [Server thread/WARN]: shadyysssss was kicked for floating too long!
[00:57:01] [Server thread/WARN]: shadyysssss was kicked for floating too long!
[00:57:01] [Server thread/WARN]: shadyysssss was kicked for floating too long!
[00:57:01] [Server thread/WARN]: shadyysssss was kicked for floating too long!
[00:57:01] [Server thread/WARN]: shadyysssss was kicked for floating too long!
[00:57:01] [Server thread/WARN]: shadyysssss was kicked for floating too long!
[00:57:01] [Server thread/WARN]: shadyysssss was kicked for floating too long!
[00:57:01] [Server thread/WARN]: shadyysssss was kicked for floating too long!
[00:57:01] [Server thread/WARN]: shadyysssss was kicked for floating too long!
[00:57:01] [Server thread/WARN]: shadyysssss was kicked for floating too long!
[00:57:01] [Server thread/WARN]: shadyysssss was kicked for floating too long!
[00:57:01] [Server thread/WARN]: shadyysssss was kicked for floating too long!
[00:57:01] [Server thread/WARN]: shadyysssss was kicked for floating too long!
[00:57:01] [Server thread/WARN]: shadyysssss was kicked for floating too long!
[00:57:01] [Server thread/WARN]: shadyysssss was kicked for floating too long!
[00:57:01] [Server thread/WARN]: shadyysssss was kicked for floating too long!
[00:57:01] [Server thread/WARN]: shadyysssss was kicked for floating too long!
[00:57:02] [Server thread/WARN]: shadyysssss was kicked for floating too long!
[00:57:02] [Server thread/WARN]: shadyysssss was kicked for floating too long!
[00:57:02] [Server thread/WARN]: shadyysssss was kicked for floating too long!
[00:57:02] [Server thread/WARN]: shadyysssss was kicked for floating too long!
[00:57:02] [Server thread/WARN]: shadyysssss was kicked for floating too long!
[00:57:02] [Server thread/WARN]: shadyysssss was kicked for floating too long!
[00:57:02] [Server thread/WARN]: shadyysssss was kicked for floating too long!
[00:57:02] [Server thread/WARN]: shadyysssss was kicked for floating too long!
[00:57:02] [Server thread/WARN]: shadyysssss was kicked for floating too long!
[00:57:02] [Server thread/WARN]: shadyysssss was kicked for floating too long!
[00:57:02] [Server thread/WARN]: shadyysssss was kicked for floating too long!
[00:57:02] [Server thread/WARN]: shadyysssss was kicked for floating too long!
[00:57:02] [Server thread/WARN]: shadyysssss was kicked for floating too long!
[00:57:02] [Server thread/WARN]: shadyysssss was kicked for floating too long!
[00:57:02] [Server thread/INFO]: shadyysssss lost connection: Flying is not enabled on this server
[00:57:02] [Server thread/INFO]: shadyysssss left the game
[00:57:14] [Server thread/INFO]: Using new advancement loading for net.minecraft.server.PlayerAdvancements@48ed378d
[00:57:14] [Server thread/INFO]: shadyysssss[/217.10.41.19:65483] logged in with entity id 111452 at (-38.694426766563765, 64.24918707874468, -46.19623933608719)
[00:57:14] [Server thread/INFO]: shadyysssss joined the game
[00:57:14] [Server thread/INFO]: Syncing config to shadyysssss (4a268843-5c89-393d-af21-8d7f07b9ceaa)
[00:59:08] [Server thread/WARN]: Mismatch in destroy block pos: BlockPos{x=0, y=0, z=0} BlockPos{x=-73, y=65, z=-77}
[28‰ÂÍ.2021 00:59:11.721] [Server thread/FATAL] [net.minecraftforge.fml.loading.RuntimeDistCleaner/DISTXFORM]: Attempted to load class team/creative/creativecore/common/gui/style/display/StyleDisplay for invalid dist DEDICATED_SERVER
[01:02:31] [Server thread/INFO]: podpivasya  has made the advancement [Stone Age]
[01:03:20] [Server thread/INFO]: podpivasya  has made the advancement [First Village]
[01:05:29] [Server thread/INFO]: EnvyMane has made the advancement [Acquire Hardware]
[01:05:29] [Server thread/INFO]: podpivasya  was shot by Skeleton
[01:05:33] [Server thread/INFO]: EnvyMane has made the advancement [Isn't It Iron Pick]
[01:06:00] [Server thread/INFO]: podpivasya  was slain by shadyysssss
[01:06:18] [Server thread/INFO]: EnvyMane has made the advancement [Not Today, Thank You]
[01:06:19] [Server thread/INFO]: EnvyMane has made the advancement [Monster Hunter]
[01:08:38] [Server thread/INFO]: podpivasya  was slain by EnvyMane
[01:10:40] [Server thread/INFO]: EnvyMane has made the advancement [Stone Age]
[01:10:59] [Server thread/WARN]: Mismatch in destroy block pos: BlockPos{x=-64, y=69, z=-188} BlockPos{x=-64, y=69, z=-187}
[01:14:50] [Server thread/WARN]: Can't keep up! Is the server overloaded? Running 2001ms or 40 ticks behind
[01:15:12] [Server thread/WARN]: Can't keep up! Is the server overloaded? Running 2013ms or 40 ticks behind
[01:15:18] [Server thread/INFO]: Mean tick: 51ms decreasing chunk view distance to: 19
[01:15:47] [Server thread/INFO]: Mean tick: 40ms increasing chunk view distance to: 20
[01:16:11] [Server thread/INFO]: podpivasya  has made the advancement [Let's Get To Work]
[01:16:56] [Server thread/WARN]: Can't keep up! Is the server overloaded? Running 2006ms or 40 ticks behind
[01:17:18] [Server thread/WARN]: Can't keep up! Is the server overloaded? Running 7248ms or 144 ticks behind
[01:17:37] [Server thread/INFO]: Mean tick: 62ms decreasing chunk view distance to: 19
[01:17:38] [Server thread/WARN]: shadyysssss moved too quickly! -0.36084625905160816,1.0244240882136921,-10.155686406323483
[01:17:47] [Server thread/WARN]: Can't keep up! Is the server overloaded? Running 13804ms or 276 ticks behind
[01:18:07] [Server thread/WARN]: Can't keep up! Is the server overloaded? Running 5252ms or 105 ticks behind
[01:18:17] [Server thread/INFO]: Mean tick: 68ms decreasing chunk view distance to: 18
[01:18:26] [Server thread/WARN]: Can't keep up! Is the server overloaded? Running 2023ms or 40 ticks behind
[01:18:45] [Server thread/WARN]: Can't keep up! Is the server overloaded? Running 4485ms or 89 ticks behind
[01:18:54] [Server thread/INFO]: Mean tick: 54ms decreasing chunk view distance to: 17
[01:19:03] [Server thread/WARN]: Can't keep up! Is the server overloaded? Running 2146ms or 42 ticks behind
[01:19:35] [Server thread/WARN]: Can't keep up! Is the server overloaded? Running 2016ms or 40 ticks behind
[01:19:53] [Server thread/WARN]: Can't keep up! Is the server overloaded? Running 2647ms or 52 ticks behind
[01:20:42] [Server thread/WARN]: Can't keep up! Is the server overloaded? Running 2007ms or 40 ticks behind
[01:21:33] [Server thread/WARN]: Can't keep up! Is the server overloaded? Running 2008ms or 40 ticks behind
[01:22:07] [Server thread/INFO]: shadyysssss has made the advancement [Packing Up!]
[01:22:14] [Server thread/WARN]: Can't keep up! Is the server overloaded? Running 2073ms or 41 ticks behind
[01:23:09] [Server thread/INFO]: Mean tick: 38ms increasing chunk view distance to: 18
[01:23:09] [Server thread/WARN]: EnvyMane moved too quickly! -7.757050486152089,1.0,-6.407972216448513
[01:23:09] [Server thread/WARN]: Can't keep up! Is the server overloaded? Running 4694ms or 93 ticks behind
[01:23:40] [Server thread/WARN]: Can't keep up! Is the server overloaded? Running 2001ms or 40 ticks behind
[01:23:41] [Server thread/INFO]: Mean tick: 52ms decreasing chunk view distance to: 17
[01:24:11] [Server thread/INFO]: Mean tick: 38ms increasing chunk view distance to: 18
[01:24:35] [Server thread/WARN]: Can't keep up! Is the server overloaded? Running 2006ms or 40 ticks behind
[01:25:13] [Server thread/INFO]: Mean tick: 40ms increasing chunk view distance to: 19
[01:26:56] [Server thread/WARN]: Can't keep up! Is the server overloaded? Running 2046ms or 40 ticks behind
[01:27:07] [Server thread/INFO]: <podpivasya > xaero-waypoint:«¿¡–Œÿ≈ÕÕ€… ƒŒÃ:«:-1058:78:-1893:11:false:0:Internal-overworld-waypoints
[01:27:13] [Server thread/INFO]: <podpivasya > xaero-waypoint:1:1:-178:90:-1348:1:false:0:Internal-overworld-waypoints
[01:27:25] [Server thread/INFO]: <podpivasya > xaero-waypoint: ¿Õ‹≈Õ: :-48:35:-237:10:false:0:Internal-overworld-waypoints
[01:28:19] [Server thread/WARN]: Can't keep up! Is the server overloaded? Running 3902ms or 78 ticks behind
[01:28:36] [Server thread/WARN]: Can't keep up! Is the server overloaded? Running 2014ms or 40 ticks behind
[01:28:52] [Server thread/INFO]: Mean tick: 53ms decreasing chunk view distance to: 18
[01:29:21] [Server thread/INFO]: Mean tick: 41ms increasing chunk view distance to: 19
[01:29:30] [Server thread/INFO]: shadyysssss has made the advancement [Best Friends Forever]
[01:29:35] [Server thread/INFO]: podpivasya  was shot by Skeleton
[01:29:51] [Server thread/INFO]: Mean tick: 41ms increasing chunk view distance to: 20
[01:30:07] [Server thread/INFO]: EnvyMane has made the advancement [Suit Up]
[01:31:14] [Server thread/INFO]: <podpivasya > xaero-waypoint:SL:L:-1081:79:-2211:11:false:0:Internal-overworld-waypoints
[01:33:02] [Server thread/WARN]: Can't keep up! Is the server overloaded? Running 2011ms or 40 ticks behind
[01:33:28] [Server thread/WARN]: Boat (vehicle of shadyysssss) moved too quickly! 4.614652997890062,0.0,-9.031726387106573
[01:33:28] [Server thread/WARN]: Boat (vehicle of shadyysssss) moved too quickly! 4.650997580096657,0.0,-9.38896880435459
[01:33:28] [Server thread/WARN]: Can't keep up! Is the server overloaded? Running 4624ms or 92 ticks behind
[01:33:28] [Server thread/WARN]: Boat (vehicle of shadyysssss) moved too quickly! 3.635261661823563,0.0,-9.690811758544214
[01:33:28] [Server thread/WARN]: Boat (vehicle of shadyysssss) moved too quickly! 3.6899111353546914,0.0,-10.062037702515454
[01:33:28] [Server thread/WARN]: Boat (vehicle of shadyysssss) moved too quickly! 3.732998933014983,0.0,-10.43567368605045
[01:33:28] [Server thread/WARN]: Boat (vehicle of shadyysssss) moved too quickly! 3.7646713621255685,0.0,-10.811309707340797
[01:33:28] [Server thread/WARN]: Boat (vehicle of shadyysssss) moved too quickly! 3.785162418095183,0.0,-11.188571065074939
[01:33:28] [Server thread/WARN]: Boat (vehicle of shadyysssss) moved too quickly! 3.794780460976483,0.0,-11.567120870807685
[01:33:28] [Server thread/WARN]: Boat (vehicle of shadyysssss) moved wrongly! 5.526355800874946
[01:33:28] [Server thread/WARN]: Boat (vehicle of shadyysssss) moved wrongly! 5.52208926229137
[01:33:28] [Server thread/WARN]: Boat (vehicle of shadyysssss) moved wrongly! 5.526355800874946
[01:33:28] [Server thread/WARN]: Boat (vehicle of shadyysssss) moved wrongly! 5.522515129368003
[01:33:28] [Server thread/WARN]: Boat (vehicle of shadyysssss) moved wrongly! 5.519070641872257
[01:33:58] [Server thread/INFO]: Mean tick: 49ms decreasing chunk view distance to: 19
[01:35:32] [Server thread/WARN]: Can't keep up! Is the server overloaded? Running 2009ms or 40 ticks behind
[01:35:50] [Server thread/WARN]: Can't keep up! Is the server overloaded? Running 2655ms or 53 ticks behind
[01:36:03] [Server thread/INFO]: Mean tick: 52ms decreasing chunk view distance to: 18
[01:36:12] [Server thread/WARN]: Can't keep up! Is the server overloaded? Running 2018ms or 40 ticks behind
[01:36:31] [Server thread/WARN]: Can't keep up! Is the server overloaded? Running 3935ms or 78 ticks behind
[01:36:38] [Server thread/INFO]: Mean tick: 51ms decreasing chunk view distance to: 17
[01:36:56] [Server thread/WARN]: Can't keep up! Is the server overloaded? Running 2004ms or 40 ticks behind
[01:37:13] [Server thread/INFO]: Mean tick: 50ms decreasing chunk view distance to: 16
[01:37:14] [Server thread/WARN]: Can't keep up! Is the server overloaded? Running 3205ms or 64 ticks behind
[01:38:50] [Server thread/WARN]: Can't keep up! Is the server overloaded? Running 7124ms or 142 ticks behind
[01:38:51] [Server thread/WARN]: Boat (vehicle of shadyysssss) moved too quickly! 5.886464412388477,0.0,-8.28303716713026
[01:38:51] [Server thread/WARN]: Boat (vehicle of shadyysssss) moved too quickly! -9.559271393898257,0.0,-3.684322094306026
[01:38:51] [Server thread/WARN]: Boat (vehicle of shadyysssss) moved too quickly! -9.91946743075755,0.0,-3.7571941762525967
[01:38:51] [Server thread/WARN]: Boat (vehicle of shadyysssss) moved too quickly! -10.270633829424696,0.0,-3.852300925213285
[01:38:51] [Server thread/WARN]: Boat (vehicle of shadyysssss) moved too quickly! -10.611001570841154,0.0,-3.969656016951376
[01:38:51] [Server thread/WARN]: Boat (vehicle of shadyysssss) moved too quickly! -10.939087633022837,0.0,-4.108842179665771
[01:38:51] [Server thread/WARN]: podpivasya  moved too quickly! 0.7050186069474194,-5.0,-8.936062122068279
[01:38:51] [Server thread/WARN]: Boat (vehicle of shadyysssss) moved too quickly! -11.253699449571968,0.0,-4.2691266059548525
[01:38:51] [Server thread/WARN]: Boat (vehicle of shadyysssss) moved too quickly! -11.553921072609,0.0,-4.449556898027367
[01:38:51] [Server thread/WARN]: Boat (vehicle of shadyysssss) moved too quickly! -11.839097756874821,0.0,-4.649034350071133
[01:38:51] [Server thread/WARN]: Boat (vehicle of shadyysssss) moved too quickly! -11.91670133696664,0.0,-4.866375849266888
[01:38:51] [Server thread/WARN]: Boat (vehicle of shadyysssss) moved wrongly! 3.4826811821467345
[01:38:51] [Server thread/WARN]: Boat (vehicle of shadyysssss) moved too quickly! 11.369866794286168,0.0,10.208867390812884
[01:38:51] [Server thread/WARN]: Boat (vehicle of shadyysssss) moved too quickly! 11.34639504446784,0.0,9.960553339652506
[01:38:51] [Server thread/WARN]: Boat (vehicle of shadyysssss) moved too quickly! 11.315112931613044,0.0,9.69838188712356
[01:38:51] [Server thread/WARN]: Boat (vehicle of shadyysssss) moved too quickly! 11.277433385265226,0.0,9.423578362692979
[01:39:09] [Server thread/WARN]: Can't keep up! Is the server overloaded? Running 3826ms or 76 ticks behind
[01:39:24] [Server thread/INFO]: Mean tick: 54ms decreasing chunk view distance to: 15
[01:39:54] [Server thread/INFO]: Mean tick: 40ms increasing chunk view distance to: 16
[01:40:24] [Server thread/INFO]: Mean tick: 38ms increasing chunk view distance to: 17
[01:40:54] [Server thread/INFO]: Mean tick: 36ms increasing chunk view distance to: 18
[01:40:55] [Server thread/ERROR]: Encountered an unexpected exception
net.minecraft.ReportedException: Ticking entity
	at net.minecraft.server.MinecraftServer.m_5703_(MinecraftServer.java:886) ~[server-1.17.1-20210706.113038-srg.jar%23106!:?]
	at net.minecraft.server.dedicated.DedicatedServer.m_5703_(DedicatedServer.java:334) ~[server-1.17.1-20210706.113038-srg.jar%23106!:?]
	at net.minecraft.server.MinecraftServer.m_5705_(MinecraftServer.java:818) ~[server-1.17.1-20210706.113038-srg.jar%23106!:?]
	at net.minecraft.server.MinecraftServer.m_130011_(MinecraftServer.java:683) ~[server-1.17.1-20210706.113038-srg.jar%23106!:?]
	at net.minecraft.server.MinecraftServer.m_177918_(MinecraftServer.java:258) ~[server-1.17.1-20210706.113038-srg.jar%23106!:?]
	at java.lang.Thread.run(Thread.java:831) [?:?]
Caused by: java.lang.NullPointerException
